446 223
0 53
1 59
2 62
3 66
4 71
5 75
6 79
7 68
8 88
9 86
10 63
11 97
12 101
13 103
14 90
15 93
16 99
17 112
18 115
19 120
20 125
21 127
22 117
23 129
24 136
25 138
26 143
27 147
28 150
29 154
30 121
31 160
32 122
33 133
34 166
35 126
36 130
37 167
38 163
39 179
40 173
41 176
42 191
43 184
44 188
45 204
46 197
47 214
48 219
49 215
50 273
51 274
52 275
54 277
55 278
56 279
57 280
58 281
60 283
61 284
64 287
65 288
67 290
69 292
70 293
72 295
73 296
74 297
76 299
77 300
78 301
80 303
81 304
82 305
83 306
84 307
85 308
87 310
89 312
91 314
92 315
94 317
95 318
96 319
98 321
100 323
102 325
104 327
105 328
106 329
107 330
108 331
109 332
110 333
111 334
113 336
114 337
116 339
118 341
119 342
123 346
124 347
128 351
131 354
132 355
134 357
135 358
137 360
139 362
140 363
141 364
142 365
144 367
145 368
146 369
148 371
149 372
151 374
152 375
153 376
155 378
156 379
157 380
158 381
159 382
161 384
162 385
164 387
165 388
168 391
169 392
170 393
171 394
172 395
174 397
175 398
177 400
178 401
180 403
181 404
182 405
183 406
185 408
186 409
187 410
189 412
190 413
192 415
193 416
194 417
195 418
196 419
198 421
199 422
200 423
201 424
202 425
203 426
205 428
206 429
207 430
208 431
209 432
210 433
211 434
212 435
213 436
216 439
217 440
218 441
220 443
221 444
222 445
223 276
224 282
225 285
226 289
227 294
228 298
229 302
230 291
231 311
232 309
233 286
234 320
235 324
236 326
237 313
238 316
239 322
240 335
241 338
242 343
243 348
244 350
245 340
246 352
247 359
248 361
249 366
250 370
251 373
252 377
253 344
254 383
255 345
256 356
257 389
258 349
259 353
260 390
261 386
262 402
263 396
264 399
265 414
266 407
267 411
268 427
269 420
270 437
271 442
272 438
