478 239
0 51
1 56
2 55
3 63
4 66
5 71
6 74
7 81
8 86
9 90
10 93
11 97
12 100
13 85
14 105
15 98
16 110
17 118
18 120
19 125
20 128
21 133
22 137
23 142
24 115
25 148
26 152
27 126
28 159
29 162
30 169
31 171
32 176
33 181
34 172
35 160
36 191
37 196
38 177
39 180
40 183
41 205
42 212
43 203
44 208
45 221
46 226
47 232
48 235
49 236
50 289
52 291
53 292
54 293
57 296
58 297
59 298
60 299
61 300
62 301
64 303
65 304
67 306
68 307
69 308
70 309
72 311
73 312
75 314
76 315
77 316
78 317
79 318
80 319
82 321
83 322
84 323
87 326
88 327
89 328
91 330
92 331
94 333
95 334
96 335
99 338
101 340
102 341
103 342
104 343
106 345
107 346
108 347
109 348
111 350
112 351
113 352
114 353
116 355
117 356
119 358
121 360
122 361
123 362
124 363
127 366
129 368
130 369
131 370
132 371
134 373
135 374
136 375
138 377
139 378
140 379
141 380
143 382
144 383
145 384
146 385
147 386
149 388
150 389
151 390
153 392
154 393
155 394
156 395
157 396
158 397
161 400
163 402
164 403
165 404
166 405
167 406
168 407
170 409
173 412
174 413
175 414
178 417
179 418
182 421
184 423
185 424
186 425
187 426
188 427
189 428
190 429
192 431
193 432
194 433
195 434
197 436
198 437
199 438
200 439
201 440
202 441
204 443
206 445
207 446
209 448
210 449
211 450
213 452
214 453
215 454
216 455
217 456
218 457
219 458
220 459
222 461
223 462
224 463
225 464
227 466
228 467
229 468
230 469
231 470
233 472
234 473
237 476
238 477
239 290
240 295
241 294
242 302
243 305
244 310
245 313
246 320
247 325
248 329
249 332
250 336
251 339
252 324
253 344
254 337
255 349
256 357
257 359
258 364
259 367
260 372
261 376
262 381
263 354
264 387
265 391
266 365
267 398
268 401
269 408
270 410
271 415
272 420
273 411
274 399
275 430
276 435
277 416
278 419
279 422
280 444
281 451
282 442
283 447
284 460
285 465
286 471
287 474
288 475
