392 196
0 52
1 57
2 60
3 59
4 66
5 71
6 74
7 75
8 78
9 85
10 90
11 80
12 83
13 98
14 92
15 103
16 105
17 87
18 115
19 114
20 120
21 119
22 100
23 128
24 132
25 110
26 112
27 139
28 143
29 147
30 116
31 150
32 121
33 152
34 125
35 158
36 163
37 165
38 137
39 140
40 146
41 149
42 123
43 153
44 180
45 183
46 179
47 189
48 194
49 245
50 246
51 247
53 249
54 250
55 251
56 252
58 254
61 257
62 258
63 259
64 260
65 261
67 263
68 264
69 265
70 266
72 268
73 269
76 272
77 273
79 275
81 277
82 278
84 280
86 282
88 284
89 285
91 287
93 289
94 290
95 291
96 292
97 293
99 295
101 297
102 298
104 300
106 302
107 303
108 304
109 305
111 307
113 309
117 313
118 314
122 318
124 320
126 322
127 323
129 325
130 326
131 327
133 329
134 330
135 331
136 332
138 334
141 337
142 338
144 340
145 341
148 344
151 347
154 350
155 351
156 352
157 353
159 355
160 356
161 357
162 358
164 360
166 362
167 363
168 364
169 365
170 366
171 367
172 368
173 369
174 370
175 371
176 372
177 373
178 374
181 377
182 378
184 380
185 381
186 382
187 383
188 384
190 386
191 387
192 388
193 389
195 391
196 248
197 253
198 256
199 255
200 262
201 267
202 270
203 271
204 274
205 281
206 286
207 276
208 279
209 294
210 288
211 299
212 301
213 283
214 311
215 310
216 316
217 315
218 296
219 324
220 328
221 306
222 308
223 335
224 339
225 343
226 312
227 346
228 317
229 348
230 321
231 354
232 359
233 361
234 333
235 336
236 342
237 345
238 319
239 349
240 376
241 379
242 375
243 385
244 390
