416 208
0 52
1 55
2 59
3 63
4 68
5 72
6 65
7 77
8 82
9 84
10 88
11 74
12 94
13 96
14 100
15 102
16 90
17 103
18 108
19 109
20 112
21 114
22 110
23 119
24 121
25 125
26 128
27 130
28 132
29 137
30 139
31 142
32 144
33 143
34 147
35 150
36 152
37 156
38 159
39 162
40 168
41 172
42 176
43 175
44 185
45 191
46 193
47 199
48 206
49 257
50 258
51 259
53 261
54 262
56 264
57 265
58 266
60 268
61 269
62 270
64 272
66 274
67 275
69 277
70 278
71 279
73 281
75 283
76 284
78 286
79 287
80 288
81 289
83 291
85 293
86 294
87 295
89 297
91 299
92 300
93 301
95 303
97 305
98 306
99 307
101 309
104 312
105 313
106 314
107 315
111 319
113 321
115 323
116 324
117 325
118 326
120 328
122 330
123 331
124 332
126 334
127 335
129 337
131 339
133 341
134 342
135 343
136 344
138 346
140 348
141 349
145 353
146 354
148 356
149 357
151 359
153 361
154 362
155 363
157 365
158 366
160 368
161 369
163 371
164 372
165 373
166 374
167 375
169 377
170 378
171 379
173 381
174 382
177 385
178 386
179 387
180 388
181 389
182 390
183 391
184 392
186 394
187 395
188 396
189 397
190 398
192 400
194 402
195 403
196 404
197 405
198 406
200 408
201 409
202 410
203 411
204 412
205 413
207 415
208 260
209 263
210 267
211 271
212 276
213 280
214 273
215 285
216 290
217 292
218 296
219 282
220 302
221 304
222 308
223 310
224 298
225 311
226 316
227 317
228 320
229 322
230 318
231 327
232 329
233 333
234 336
235 338
236 340
237 345
238 347
239 350
240 352
241 351
242 355
243 358
244 360
245 364
246 367
247 370
248 376
249 380
250 384
251 383
252 393
253 399
254 401
255 407
256 414
