160 80
0 20
1 23
2 29
3 27
4 31
5 35
6 39
7 43
8 51
9 56
10 54
11 59
12 61
13 64
14 71
15 72
16 79
17 97
18 98
19 99
21 101
22 102
24 104
25 105
26 106
28 108
30 110
32 112
33 113
34 114
36 116
37 117
38 118
40 120
41 121
42 122
44 124
45 125
46 126
47 127
48 128
49 129
50 130
52 132
53 133
55 135
57 137
58 138
60 140
62 142
63 143
65 145
66 146
67 147
68 148
69 149
70 150
73 153
74 154
75 155
76 156
77 157
78 158
80 100
81 103
82 109
83 107
84 111
85 115
86 119
87 123
88 131
89 136
90 134
91 139
92 141
93 144
94 151
95 152
96 159
