260 130
0 39
1 46
2 49
3 48
4 55
5 51
6 56
7 53
8 61
9 68
10 65
11 67
12 63
13 70
14 81
15 75
16 86
17 76
18 78
19 94
20 93
21 99
22 83
23 90
24 97
25 107
26 100
27 88
28 103
29 95
30 105
31 120
32 109
33 112
34 114
35 116
36 118
37 122
38 168
40 170
41 171
42 172
43 173
44 174
45 175
47 177
50 180
52 182
54 184
57 187
58 188
59 189
60 190
62 192
64 194
66 196
69 199
71 201
72 202
73 203
74 204
77 207
79 209
80 210
82 212
84 214
85 215
87 217
89 219
91 221
92 222
96 226
98 228
101 231
102 232
104 234
106 236
108 238
110 240
111 241
113 243
115 245
117 247
119 249
121 251
123 253
124 254
125 255
126 256
127 257
128 258
129 259
130 169
131 176
132 179
133 178
134 185
135 181
136 186
137 183
138 191
139 198
140 195
141 197
142 193
143 200
144 211
145 205
146 216
147 206
148 208
149 224
150 223
151 229
152 213
153 220
154 227
155 237
156 230
157 218
158 233
159 225
160 235
161 250
162 239
163 242
164 244
165 246
166 248
167 252
