364 182
0 53
1 58
2 62
3 66
4 70
5 74
6 78
7 82
8 85
9 88
10 91
11 84
12 86
13 89
14 92
15 102
16 95
17 97
18 98
19 108
20 112
21 111
22 119
23 123
24 129
25 100
26 101
27 134
28 103
29 138
30 141
31 106
32 142
33 113
34 147
35 117
36 149
37 152
38 127
39 131
40 160
41 137
42 161
43 163
44 165
45 143
46 144
47 170
48 174
49 179
50 232
51 233
52 234
54 236
55 237
56 238
57 239
59 241
60 242
61 243
63 245
64 246
65 247
67 249
68 250
69 251
71 253
72 254
73 255
75 257
76 258
77 259
79 261
80 262
81 263
83 265
87 269
90 272
93 275
94 276
96 278
99 281
104 286
105 287
107 289
109 291
110 292
114 296
115 297
116 298
118 300
120 302
121 303
122 304
124 306
125 307
126 308
128 310
130 312
132 314
133 315
135 317
136 318
139 321
140 322
145 327
146 328
148 330
150 332
151 333
153 335
154 336
155 337
156 338
157 339
158 340
159 341
162 344
164 346
166 348
167 349
168 350
169 351
171 353
172 354
173 355
175 357
176 358
177 359
178 360
180 362
181 363
182 235
183 240
184 244
185 248
186 252
187 256
188 260
189 264
190 267
191 270
192 274
193 266
194 268
195 271
196 273
197 284
198 277
199 279
200 280
201 290
202 294
203 293
204 301
205 305
206 309
207 282
208 283
209 316
210 285
211 320
212 323
213 288
214 324
215 295
216 329
217 299
218 331
219 334
220 311
221 313
222 342
223 319
224 343
225 345
226 347
227 325
228 326
229 352
230 356
231 361
