668 334
0 86
1 92
2 96
3 99
4 102
5 106
6 110
7 115
8 117
9 119
10 122
11 126
12 128
13 130
14 134
15 137
16 139
17 141
18 147
19 150
20 151
21 154
22 157
23 159
24 165
25 169
26 173
27 155
28 153
29 179
30 184
31 162
32 188
33 195
34 200
35 177
36 203
37 182
38 208
39 209
40 211
41 189
42 180
43 205
44 218
45 214
46 216
47 225
48 228
49 220
50 222
51 232
52 238
53 226
54 230
55 223
56 233
57 236
58 250
59 251
60 260
61 241
62 244
63 262
64 270
65 274
66 248
67 272
68 273
69 283
70 281
71 280
72 293
73 278
74 288
75 298
76 300
77 308
78 312
79 314
80 316
81 322
82 327
83 330
84 418
85 419
87 421
88 422
89 423
90 424
91 425
93 427
94 428
95 429
97 431
98 432
100 434
101 435
103 437
104 438
105 439
107 441
108 442
109 443
111 445
112 446
113 447
114 448
116 450
118 452
120 454
121 455
123 457
124 458
125 459
127 461
129 463
131 465
132 466
133 467
135 469
136 470
138 472
140 474
142 476
143 477
144 478
145 479
146 480
148 482
149 483
152 486
156 490
158 492
160 494
161 495
163 497
164 498
166 500
167 501
168 502
170 504
171 505
172 506
174 508
175 509
176 510
178 512
181 515
183 517
185 519
186 520
187 521
190 524
191 525
192 526
193 527
194 528
196 530
197 531
198 532
199 533
201 535
202 536
204 538
206 540
207 541
210 544
212 546
213 547
215 549
217 551
219 553
221 555
224 558
227 561
229 563
231 565
234 568
235 569
237 571
239 573
240 574
242 576
243 577
245 579
246 580
247 581
249 583
252 586
253 587
254 588
255 589
256 590
257 591
258 592
259 593
261 595
263 597
264 598
265 599
266 600
267 601
268 602
269 603
271 605
275 609
276 610
277 611
279 613
282 616
284 618
285 619
286 620
287 621
289 623
290 624
291 625
292 626
294 628
295 629
296 630
297 631
299 633
301 635
302 636
303 637
304 638
305 639
306 640
307 641
309 643
310 644
311 645
313 647
315 649
317 651
318 652
319 653
320 654
321 655
323 657
324 658
325 659
326 660
328 662
329 663
331 665
332 666
333 667
334 420
335 426
336 430
337 433
338 436
339 440
340 444
341 449
342 451
343 453
344 456
345 460
346 462
347 464
348 468
349 471
350 473
351 475
352 481
353 484
354 485
355 488
356 491
357 493
358 499
359 503
360 507
361 489
362 487
363 513
364 518
365 496
366 522
367 529
368 534
369 511
370 514
371 539
372 516
373 543
374 545
375 523
376 548
377 542
378 537
379 554
380 556
381 559
382 552
383 550
384 557
385 566
386 572
387 560
388 562
389 564
390 567
391 570
392 584
393 585
394 594
395 575
396 578
397 596
398 604
399 607
400 582
401 606
402 614
403 617
404 608
405 615
406 627
407 612
408 622
409 632
410 634
411 642
412 646
413 648
414 650
415 656
416 661
417 664
