426 213
0 54
1 59
2 63
3 68
4 72
5 76
6 81
7 84
8 88
9 93
10 97
11 101
12 106
13 110
14 90
15 112
16 115
17 119
18 123
19 127
20 103
21 107
22 139
23 141
24 113
25 144
26 147
27 150
28 146
29 154
30 156
31 157
32 149
33 152
34 167
35 169
36 158
37 162
38 164
39 176
40 178
41 179
42 183
43 191
44 160
45 198
46 173
47 202
48 196
49 212
50 263
51 264
52 265
53 266
55 268
56 269
57 270
58 271
60 273
61 274
62 275
64 277
65 278
66 279
67 280
69 282
70 283
71 284
73 286
74 287
75 288
77 290
78 291
79 292
80 293
82 295
83 296
85 298
86 299
87 300
89 302
91 304
92 305
94 307
95 308
96 309
98 311
99 312
100 313
102 315
104 317
105 318
108 321
109 322
111 324
114 327
116 329
117 330
118 331
120 333
121 334
122 335
124 337
125 338
126 339
128 341
129 342
130 343
131 344
132 345
133 346
134 347
135 348
136 349
137 350
138 351
140 353
142 355
143 356
145 358
148 361
151 364
153 366
155 368
159 372
161 374
163 376
165 378
166 379
168 381
170 383
171 384
172 385
174 387
175 388
177 390
180 393
181 394
182 395
184 397
185 398
186 399
187 400
188 401
189 402
190 403
192 405
193 406
194 407
195 408
197 410
199 412
200 413
201 414
203 416
204 417
205 418
206 419
207 420
208 421
209 422
210 423
211 424
213 267
214 272
215 276
216 281
217 285
218 289
219 294
220 297
221 301
222 306
223 310
224 314
225 319
226 323
227 303
228 325
229 328
230 332
231 336
232 340
233 316
234 320
235 352
236 354
237 326
238 357
239 360
240 362
241 359
242 367
243 369
244 370
245 365
246 377
247 380
248 382
249 371
250 363
251 375
252 389
253 391
254 392
255 396
256 404
257 373
258 411
259 386
260 415
261 409
262 425
