214 107
0 27
1 30
2 28
3 37
4 33
5 41
6 44
7 42
8 55
9 58
10 62
11 66
12 56
13 59
14 74
15 77
16 78
17 85
18 84
19 86
20 95
21 89
22 102
23 99
24 131
25 132
26 133
29 136
31 138
32 139
34 141
35 142
36 143
38 145
39 146
40 147
43 150
45 152
46 153
47 154
48 155
49 156
50 157
51 158
52 159
53 160
54 161
57 164
60 167
61 168
63 170
64 171
65 172
67 174
68 175
69 176
70 177
71 178
72 179
73 180
75 182
76 183
79 186
80 187
81 188
82 189
83 190
87 194
88 195
90 197
91 198
92 199
93 200
94 201
96 203
97 204
98 205
100 207
101 208
103 210
104 211
105 212
106 213
107 134
108 137
109 135
110 144
111 140
112 148
113 151
114 149
115 162
116 165
117 169
118 173
119 163
120 166
121 181
122 184
123 185
124 192
125 191
126 193
127 202
128 196
129 209
130 206
