598 299
0 86
1 83
2 91
3 95
4 88
5 101
6 99
7 107
8 110
9 112
10 106
11 109
12 120
13 121
14 127
15 129
16 130
17 133
18 139
19 138
20 146
21 151
22 154
23 157
24 156
25 159
26 137
27 140
28 144
29 168
30 152
31 163
32 164
33 166
34 180
35 174
36 160
37 183
38 182
39 176
40 194
41 197
42 201
43 202
44 205
45 189
46 185
47 191
48 214
49 216
50 220
51 224
52 198
53 227
54 228
55 187
56 212
57 213
58 238
59 237
60 244
61 248
62 229
63 253
64 209
65 235
66 217
67 251
68 252
69 233
70 258
71 271
72 263
73 264
74 276
75 274
76 279
77 283
78 278
79 286
80 293
81 298
82 381
84 383
85 384
87 386
89 388
90 389
92 391
93 392
94 393
96 395
97 396
98 397
100 399
102 401
103 402
104 403
105 404
108 407
111 410
113 412
114 413
115 414
116 415
117 416
118 417
119 418
122 421
123 422
124 423
125 424
126 425
128 427
131 430
132 431
134 433
135 434
136 435
141 440
142 441
143 442
145 444
147 446
148 447
149 448
150 449
153 452
155 454
158 457
161 460
162 461
165 464
167 466
169 468
170 469
171 470
172 471
173 472
175 474
177 476
178 477
179 478
181 480
184 483
186 485
188 487
190 489
192 491
193 492
195 494
196 495
199 498
200 499
203 502
204 503
206 505
207 506
208 507
210 509
211 510
215 514
218 517
219 518
221 520
222 521
223 522
225 524
226 525
230 529
231 530
232 531
234 533
236 535
239 538
240 539
241 540
242 541
243 542
245 544
246 545
247 546
249 548
250 549
254 553
255 554
256 555
257 556
259 558
260 559
261 560
262 561
265 564
266 565
267 566
268 567
269 568
270 569
272 571
273 572
275 574
277 576
280 579
281 580
282 581
284 583
285 584
287 586
288 587
289 588
290 589
291 590
292 591
294 593
295 594
296 595
297 596
299 385
300 382
301 390
302 394
303 387
304 400
305 398
306 406
307 409
308 411
309 405
310 408
311 419
312 420
313 426
314 428
315 429
316 432
317 438
318 437
319 445
320 450
321 453
322 456
323 455
324 458
325 436
326 439
327 443
328 467
329 451
330 462
331 463
332 465
333 473
334 482
335 459
336 479
337 481
338 475
339 493
340 496
341 500
342 501
343 504
344 488
345 484
346 490
347 512
348 515
349 519
350 523
351 497
352 526
353 527
354 486
355 511
356 516
357 537
358 536
359 543
360 547
361 528
362 551
363 508
364 513
365 557
366 550
367 562
368 532
369 534
370 570
371 563
372 552
373 575
374 573
375 577
376 582
377 585
378 578
379 592
380 597
