430 215
0 53
1 55
2 58
3 63
4 66
5 72
6 77
7 75
8 85
9 88
10 91
11 94
12 81
13 100
14 105
15 107
16 97
17 111
18 117
19 108
20 119
21 122
22 127
23 129
24 132
25 136
26 141
27 144
28 148
29 152
30 156
31 161
32 165
33 138
34 169
35 140
36 174
37 178
38 180
39 176
40 177
41 185
42 190
43 196
44 200
45 203
46 201
47 205
48 214
49 264
50 265
51 266
52 267
54 269
56 271
57 272
59 274
60 275
61 276
62 277
64 279
65 280
67 282
68 283
69 284
70 285
71 286
73 288
74 289
76 291
78 293
79 294
80 295
82 297
83 298
84 299
86 301
87 302
89 304
90 305
92 307
93 308
95 310
96 311
98 313
99 314
101 316
102 317
103 318
104 319
106 321
109 324
110 325
112 327
113 328
114 329
115 330
116 331
118 333
120 335
121 336
123 338
124 339
125 340
126 341
128 343
130 345
131 346
133 348
134 349
135 350
137 352
139 354
142 357
143 358
145 360
146 361
147 362
149 364
150 365
151 366
153 368
154 369
155 370
157 372
158 373
159 374
160 375
162 377
163 378
164 379
166 381
167 382
168 383
170 385
171 386
172 387
173 388
175 390
179 394
181 396
182 397
183 398
184 399
186 401
187 402
188 403
189 404
191 406
192 407
193 408
194 409
195 410
197 412
198 413
199 414
202 417
204 419
206 421
207 422
208 423
209 424
210 425
211 426
212 427
213 428
215 268
216 270
217 273
218 278
219 281
220 287
221 292
222 290
223 300
224 303
225 306
226 309
227 296
228 315
229 320
230 322
231 312
232 326
233 332
234 323
235 334
236 337
237 342
238 344
239 347
240 351
241 356
242 359
243 363
244 367
245 371
246 376
247 380
248 353
249 384
250 355
251 389
252 392
253 395
254 391
255 400
256 393
257 405
258 411
259 415
260 418
261 416
262 420
263 429
