158 79
0 18
1 17
2 25
3 28
4 33
5 38
6 42
7 48
8 52
9 53
10 60
11 65
12 59
13 73
14 76
15 94
16 95
19 98
20 99
21 100
22 101
23 102
24 103
26 105
27 106
29 108
30 109
31 110
32 111
34 113
35 114
36 115
37 116
39 118
40 119
41 120
43 122
44 123
45 124
46 125
47 126
49 128
50 129
51 130
54 133
55 134
56 135
57 136
58 137
61 140
62 141
63 142
64 143
66 145
67 146
68 147
69 148
70 149
71 150
72 151
74 153
75 154
77 156
78 157
79 97
80 96
81 104
82 107
83 112
84 117
85 121
86 127
87 131
88 132
89 139
90 144
91 138
92 152
93 155
