994 497
0 138
1 140
2 144
3 146
4 148
5 153
6 154
7 160
8 162
9 168
10 172
11 173
12 179
13 181
14 182
15 184
16 186
17 187
18 189
19 192
20 197
21 194
22 203
23 206
24 211
25 214
26 216
27 219
28 223
29 226
30 228
31 232
32 234
33 236
34 238
35 240
36 242
37 245
38 250
39 253
40 256
41 258
42 261
43 266
44 268
45 270
46 273
47 274
48 277
49 265
50 282
51 286
52 288
53 290
54 292
55 276
56 278
57 279
58 298
59 301
60 304
61 306
62 308
63 310
64 312
65 315
66 296
67 319
68 320
69 322
70 325
71 328
72 330
73 331
74 332
75 333
76 334
77 336
78 340
79 341
80 344
81 348
82 349
83 351
84 354
85 357
86 362
87 352
88 365
89 368
90 372
91 374
92 376
93 379
94 381
95 384
96 387
97 390
98 393
99 394
100 400
101 405
102 410
103 415
104 418
105 421
106 424
107 426
108 429
109 432
110 434
111 437
112 440
113 443
114 446
115 449
116 451
117 453
118 455
119 457
120 460
121 463
122 465
123 467
124 468
125 470
126 472
127 475
128 478
129 480
130 481
131 482
132 483
133 485
134 487
135 489
136 492
137 496
139 636
141 638
142 639
143 640
145 642
147 644
149 646
150 647
151 648
152 649
155 652
156 653
157 654
158 655
159 656
161 658
163 660
164 661
165 662
166 663
167 664
169 666
170 667
171 668
174 671
175 672
176 673
177 674
178 675
180 677
183 680
185 682
188 685
190 687
191 688
193 690
195 692
196 693
198 695
199 696
200 697
201 698
202 699
204 701
205 702
207 704
208 705
209 706
210 707
212 709
213 710
215 712
217 714
218 715
220 717
221 718
222 719
224 721
225 722
227 724
229 726
230 727
231 728
233 730
235 732
237 734
239 736
241 738
243 740
244 741
246 743
247 744
248 745
249 746
251 748
252 749
254 751
255 752
257 754
259 756
260 757
262 759
263 760
264 761
267 764
269 766
271 768
272 769
275 772
280 777
281 778
283 780
284 781
285 782
287 784
289 786
291 788
293 790
294 791
295 792
297 794
299 796
300 797
302 799
303 800
305 802
307 804
309 806
311 808
313 810
314 811
316 813
317 814
318 815
321 818
323 820
324 821
326 823
327 824
329 826
335 832
337 834
338 835
339 836
342 839
343 840
345 842
346 843
347 844
350 847
353 850
355 852
356 853
358 855
359 856
360 857
361 858
363 860
364 861
366 863
367 864
369 866
370 867
371 868
373 870
375 872
377 874
378 875
380 877
382 879
383 880
385 882
386 883
388 885
389 886
391 888
392 889
395 892
396 893
397 894
398 895
399 896
401 898
402 899
403 900
404 901
406 903
407 904
408 905
409 906
411 908
412 909
413 910
414 911
416 913
417 914
419 916
420 917
422 919
423 920
425 922
427 924
428 925
430 927
431 928
433 930
435 932
436 933
438 935
439 936
441 938
442 939
444 941
445 942
447 944
448 945
450 947
452 949
454 951
456 953
458 955
459 956
461 958
462 959
464 961
466 963
469 966
471 968
473 970
474 971
476 973
477 974
479 976
484 981
486 983
488 985
490 987
491 988
493 990
494 991
495 992
497 635
498 637
499 641
500 643
501 645
502 650
503 651
504 657
505 659
506 665
507 669
508 670
509 676
510 678
511 679
512 681
513 683
514 684
515 686
516 689
517 694
518 691
519 700
520 703
521 708
522 711
523 713
524 716
525 720
526 723
527 725
528 729
529 731
530 733
531 735
532 737
533 739
534 742
535 747
536 750
537 753
538 755
539 758
540 763
541 765
542 767
543 770
544 771
545 774
546 762
547 779
548 783
549 785
550 787
551 789
552 773
553 775
554 776
555 795
556 798
557 801
558 803
559 805
560 807
561 809
562 812
563 793
564 816
565 817
566 819
567 822
568 825
569 827
570 828
571 829
572 830
573 831
574 833
575 837
576 838
577 841
578 845
579 846
580 848
581 851
582 854
583 859
584 849
585 862
586 865
587 869
588 871
589 873
590 876
591 878
592 881
593 884
594 887
595 890
596 891
597 897
598 902
599 907
600 912
601 915
602 918
603 921
604 923
605 926
606 929
607 931
608 934
609 937
610 940
611 943
612 946
613 948
614 950
615 952
616 954
617 957
618 960
619 962
620 964
621 965
622 967
623 969
624 972
625 975
626 977
627 978
628 979
629 980
630 982
631 984
632 986
633 989
634 993
