402 201
0 53
1 57
2 61
3 65
4 69
5 71
6 73
7 77
8 79
9 84
10 90
11 94
12 98
13 103
14 107
15 110
16 109
17 75
18 114
19 87
20 119
21 126
22 112
23 130
24 117
25 132
26 137
27 139
28 115
29 143
30 128
31 147
32 149
33 145
34 141
35 158
36 160
37 151
38 154
39 166
40 169
41 175
42 174
43 161
44 164
45 186
46 183
47 190
48 193
49 197
50 251
51 252
52 253
54 255
55 256
56 257
58 259
59 260
60 261
62 263
63 264
64 265
66 267
67 268
68 269
70 271
72 273
74 275
76 277
78 279
80 281
81 282
82 283
83 284
85 286
86 287
88 289
89 290
91 292
92 293
93 294
95 296
96 297
97 298
99 300
100 301
101 302
102 303
104 305
105 306
106 307
108 309
111 312
113 314
116 317
118 319
120 321
121 322
122 323
123 324
124 325
125 326
127 328
129 330
131 332
133 334
134 335
135 336
136 337
138 339
140 341
142 343
144 345
146 347
148 349
150 351
152 353
153 354
155 356
156 357
157 358
159 360
162 363
163 364
165 366
167 368
168 369
170 371
171 372
172 373
173 374
176 377
177 378
178 379
179 380
180 381
181 382
182 383
184 385
185 386
187 388
188 389
189 390
191 392
192 393
194 395
195 396
196 397
198 399
199 400
200 401
201 254
202 258
203 262
204 266
205 270
206 272
207 274
208 278
209 280
210 285
211 291
212 295
213 299
214 304
215 308
216 311
217 310
218 276
219 315
220 288
221 320
222 327
223 329
224 313
225 318
226 333
227 338
228 340
229 316
230 344
231 346
232 331
233 350
234 348
235 342
236 359
237 361
238 352
239 355
240 367
241 370
242 376
243 375
244 362
245 365
246 387
247 384
248 391
249 394
250 398
