1022 511
0 169
1 171
2 173
3 175
4 177
5 179
6 181
7 183
8 187
9 189
10 193
11 195
12 197
13 200
14 185
15 191
16 210
17 212
18 198
19 203
20 216
21 205
22 225
23 227
24 214
25 231
26 217
27 221
28 239
29 238
30 242
31 244
32 229
33 232
34 249
35 252
36 256
37 260
38 234
39 223
40 269
41 271
42 246
43 248
44 276
45 254
46 258
47 280
48 263
49 285
50 236
51 267
52 296
53 298
54 273
55 301
56 274
57 275
58 306
59 250
60 309
61 281
62 283
63 286
64 290
65 288
66 265
67 325
68 324
69 294
70 331
71 300
72 302
73 305
74 303
75 277
76 339
77 311
78 313
79 315
80 317
81 320
82 319
83 292
84 349
85 351
86 329
87 333
88 335
89 336
90 338
91 307
92 322
93 359
94 327
95 347
96 361
97 367
98 369
99 372
100 375
101 378
102 381
103 384
104 357
105 365
106 391
107 370
108 373
109 376
110 379
111 382
112 387
113 363
114 389
115 406
116 409
117 392
118 394
119 396
120 398
121 400
122 385
123 403
124 407
125 413
126 415
127 417
128 419
129 421
130 424
131 426
132 428
133 430
134 432
135 434
136 437
137 440
138 454
139 442
140 444
141 446
142 448
143 450
144 452
145 455
146 457
147 459
148 461
149 464
150 466
151 471
152 473
153 475
154 477
155 479
156 481
157 483
158 486
159 491
160 493
161 495
162 497
163 500
164 502
165 504
166 507
167 509
168 679
170 681
172 683
174 685
176 687
178 689
180 691
182 693
184 695
186 697
188 699
190 701
192 703
194 705
196 707
199 710
201 712
202 713
204 715
206 717
207 718
208 719
209 720
211 722
213 724
215 726
218 729
219 730
220 731
222 733
224 735
226 737
228 739
230 741
233 744
235 746
237 748
240 751
241 752
243 754
245 756
247 758
251 762
253 764
255 766
257 768
259 770
261 772
262 773
264 775
266 777
268 779
270 781
272 783
278 789
279 790
282 793
284 795
287 798
289 800
291 802
293 804
295 806
297 808
299 810
304 815
308 819
310 821
312 823
314 825
316 827
318 829
321 832
323 834
326 837
328 839
330 841
332 843
334 845
337 848
340 851
341 852
342 853
343 854
344 855
345 856
346 857
348 859
350 861
352 863
353 864
354 865
355 866
356 867
358 869
360 871
362 873
364 875
366 877
368 879
371 882
374 885
377 888
380 891
383 894
386 897
388 899
390 901
393 904
395 906
397 908
399 910
401 912
402 913
404 915
405 916
408 919
410 921
411 922
412 923
414 925
416 927
418 929
420 931
422 933
423 934
425 936
427 938
429 940
431 942
433 944
435 946
436 947
438 949
439 950
441 952
443 954
445 956
447 958
449 960
451 962
453 964
456 967
458 969
460 971
462 973
463 974
465 976
467 978
468 979
469 980
470 981
472 983
474 985
476 987
478 989
480 991
482 993
484 995
485 996
487 998
488 999
489 1000
490 1001
492 1003
494 1005
496 1007
498 1009
499 1010
501 1012
503 1014
505 1016
506 1017
508 1019
510 1021
511 680
512 682
513 684
514 686
515 688
516 690
517 692
518 694
519 696
520 700
521 704
522 706
523 708
524 711
525 698
526 702
527 721
528 723
529 709
530 714
531 727
532 716
533 736
534 738
535 725
536 742
537 728
538 732
539 734
540 749
541 753
542 755
543 740
544 743
545 760
546 763
547 767
548 771
549 745
550 750
551 780
552 782
553 757
554 759
555 787
556 765
557 769
558 791
559 774
560 796
561 747
562 778
563 807
564 809
565 784
566 812
567 785
568 786
569 817
570 761
571 820
572 792
573 794
574 797
575 801
576 799
577 776
578 835
579 838
580 805
581 842
582 811
583 813
584 816
585 814
586 788
587 850
588 822
589 824
590 826
591 828
592 831
593 830
594 803
595 860
596 862
597 840
598 844
599 846
600 847
601 849
602 818
603 833
604 836
605 872
606 858
607 870
608 878
609 880
610 883
611 886
612 889
613 892
614 895
615 868
616 876
617 902
618 881
619 884
620 887
621 890
622 893
623 898
624 874
625 900
626 917
627 920
628 903
629 905
630 907
631 909
632 911
633 896
634 914
635 918
636 924
637 926
638 928
639 930
640 932
641 935
642 937
643 939
644 941
645 943
646 945
647 948
648 951
649 965
650 953
651 955
652 957
653 959
654 961
655 963
656 966
657 968
658 970
659 972
660 975
661 977
662 982
663 984
664 986
665 988
666 990
667 992
668 994
669 997
670 1002
671 1004
672 1006
673 1008
674 1011
675 1013
676 1015
677 1018
678 1020
