362 181
0 52
1 55
2 60
3 62
4 66
5 53
6 67
7 65
8 77
9 79
10 73
11 81
12 88
13 74
14 82
15 94
16 99
17 103
18 90
19 86
20 97
21 110
22 114
23 102
24 92
25 100
26 113
27 116
28 118
29 121
30 123
31 125
32 129
33 131
34 134
35 142
36 136
37 140
38 143
39 138
40 147
41 152
42 158
43 148
44 154
45 163
46 150
47 161
48 166
49 178
50 231
51 232
54 235
56 237
57 238
58 239
59 240
61 242
63 244
64 245
68 249
69 250
70 251
71 252
72 253
75 256
76 257
78 259
80 261
83 264
84 265
85 266
87 268
89 270
91 272
93 274
95 276
96 277
98 279
101 282
104 285
105 286
106 287
107 288
108 289
109 290
111 292
112 293
115 296
117 298
119 300
120 301
122 303
124 305
126 307
127 308
128 309
130 311
132 313
133 314
135 316
137 318
139 320
141 322
144 325
145 326
146 327
149 330
151 332
153 334
155 336
156 337
157 338
159 340
160 341
162 343
164 345
165 346
167 348
168 349
169 350
170 351
171 352
172 353
173 354
174 355
175 356
176 357
177 358
179 360
180 361
181 233
182 236
183 234
184 243
185 247
186 241
187 248
188 246
189 258
190 260
191 254
192 262
193 269
194 255
195 263
196 275
197 281
198 284
199 271
200 267
201 278
202 291
203 280
204 283
205 273
206 295
207 294
208 297
209 299
210 302
211 304
212 306
213 310
214 312
215 315
216 323
217 317
218 321
219 324
220 319
221 328
222 333
223 339
224 329
225 335
226 344
227 331
228 342
229 347
230 359
