326 163
0 38
1 42
2 46
3 50
4 55
5 58
6 62
7 66
8 70
9 71
10 74
11 63
12 79
13 82
14 86
15 94
16 68
17 102
18 105
19 72
20 77
21 80
22 115
23 117
24 121
25 126
26 131
27 135
28 140
29 142
30 149
31 153
32 157
33 162
34 197
35 198
36 199
37 200
39 202
40 203
41 204
43 206
44 207
45 208
47 210
48 211
49 212
51 214
52 215
53 216
54 217
56 219
57 220
59 222
60 223
61 224
64 227
65 228
67 230
69 232
73 236
75 238
76 239
78 241
81 244
83 246
84 247
85 248
87 250
88 251
89 252
90 253
91 254
92 255
93 256
95 258
96 259
97 260
98 261
99 262
100 263
101 264
103 266
104 267
106 269
107 270
108 271
109 272
110 273
111 274
112 275
113 276
114 277
116 279
118 281
119 282
120 283
122 285
123 286
124 287
125 288
127 290
128 291
129 292
130 293
132 295
133 296
134 297
136 299
137 300
138 301
139 302
141 304
143 306
144 307
145 308
146 309
147 310
148 311
150 313
151 314
152 315
154 317
155 318
156 319
158 321
159 322
160 323
161 324
163 201
164 205
165 209
166 213
167 218
168 221
169 225
170 229
171 233
172 234
173 237
174 226
175 242
176 245
177 249
178 257
179 231
180 265
181 268
182 235
183 240
184 243
185 278
186 280
187 284
188 289
189 294
190 298
191 303
192 305
193 312
194 316
195 320
196 325
