410 205
0 54
1 58
2 63
3 67
4 65
5 66
6 74
7 77
8 75
9 82
10 86
11 90
12 94
13 70
14 79
15 102
16 95
17 107
18 97
19 103
20 115
21 98
22 100
23 121
24 117
25 109
26 111
27 123
28 125
29 119
30 127
31 139
32 144
33 132
34 134
35 137
36 150
37 151
38 154
39 163
40 167
41 172
42 165
43 177
44 168
45 187
46 183
47 192
48 196
49 204
50 255
51 256
52 257
53 258
55 260
56 261
57 262
59 264
60 265
61 266
62 267
64 269
68 273
69 274
71 276
72 277
73 278
76 281
78 283
80 285
81 286
83 288
84 289
85 290
87 292
88 293
89 294
91 296
92 297
93 298
96 301
99 304
101 306
104 309
105 310
106 311
108 313
110 315
112 317
113 318
114 319
116 321
118 323
120 325
122 327
124 329
126 331
128 333
129 334
130 335
131 336
133 338
135 340
136 341
138 343
140 345
141 346
142 347
143 348
145 350
146 351
147 352
148 353
149 354
152 357
153 358
155 360
156 361
157 362
158 363
159 364
160 365
161 366
162 367
164 369
166 371
169 374
170 375
171 376
173 378
174 379
175 380
176 381
178 383
179 384
180 385
181 386
182 387
184 389
185 390
186 391
188 393
189 394
190 395
191 396
193 398
194 399
195 400
197 402
198 403
199 404
200 405
201 406
202 407
203 408
205 259
206 263
207 268
208 272
209 270
210 271
211 279
212 282
213 280
214 287
215 291
216 295
217 299
218 275
219 305
220 307
221 300
222 303
223 302
224 284
225 320
226 314
227 316
228 308
229 312
230 324
231 326
232 328
233 322
234 339
235 342
236 344
237 349
238 337
239 330
240 332
241 355
242 356
243 359
244 368
245 372
246 377
247 370
248 382
249 373
250 392
251 388
252 397
253 401
254 409
