492 246
0 50
1 56
2 60
3 53
4 69
5 73
6 77
7 80
8 83
9 86
10 87
11 92
12 95
13 100
14 104
15 105
16 111
17 116
18 119
19 124
20 129
21 134
22 138
23 141
24 136
25 145
26 153
27 156
28 162
29 164
30 170
31 168
32 174
33 163
34 177
35 182
36 187
37 191
38 197
39 203
40 195
41 206
42 212
43 219
44 225
45 227
46 229
47 236
48 239
49 243
51 297
52 298
54 300
55 301
57 303
58 304
59 305
61 307
62 308
63 309
64 310
65 311
66 312
67 313
68 314
70 316
71 317
72 318
74 320
75 321
76 322
78 324
79 325
81 327
82 328
84 330
85 331
88 334
89 335
90 336
91 337
93 339
94 340
96 342
97 343
98 344
99 345
101 347
102 348
103 349
106 352
107 353
108 354
109 355
110 356
112 358
113 359
114 360
115 361
117 363
118 364
120 366
121 367
122 368
123 369
125 371
126 372
127 373
128 374
130 376
131 377
132 378
133 379
135 381
137 383
139 385
140 386
142 388
143 389
144 390
146 392
147 393
148 394
149 395
150 396
151 397
152 398
154 400
155 401
157 403
158 404
159 405
160 406
161 407
165 411
166 412
167 413
169 415
171 417
172 418
173 419
175 421
176 422
178 424
179 425
180 426
181 427
183 429
184 430
185 431
186 432
188 434
189 435
190 436
192 438
193 439
194 440
196 442
198 444
199 445
200 446
201 447
202 448
204 450
205 451
207 453
208 454
209 455
210 456
211 457
213 459
214 460
215 461
216 462
217 463
218 464
220 466
221 467
222 468
223 469
224 470
226 472
228 474
230 476
231 477
232 478
233 479
234 480
235 481
237 483
238 484
240 486
241 487
242 488
244 490
245 491
246 296
247 302
248 306
249 299
250 315
251 319
252 323
253 326
254 329
255 332
256 333
257 338
258 341
259 346
260 350
261 351
262 357
263 362
264 365
265 370
266 375
267 380
268 384
269 387
270 382
271 391
272 399
273 402
274 408
275 410
276 416
277 414
278 420
279 409
280 423
281 428
282 433
283 437
284 443
285 449
286 441
287 452
288 458
289 465
290 471
291 473
292 475
293 482
294 485
295 489
