1486 743
0 233
1 237
2 240
3 243
4 247
5 250
6 252
7 254
8 256
9 259
10 264
11 266
12 272
13 246
14 276
15 279
16 255
17 281
18 284
19 287
20 277
21 278
22 293
23 296
24 282
25 302
26 288
27 292
28 308
29 310
30 312
31 305
32 314
33 318
34 323
35 317
36 330
37 322
38 336
39 337
40 340
41 343
42 346
43 329
44 333
45 352
46 354
47 357
48 360
49 362
50 365
51 366
52 347
53 349
54 375
55 377
56 379
57 381
58 384
59 386
60 388
61 391
62 371
63 392
64 372
65 397
66 399
67 401
68 403
69 405
70 393
71 407
72 409
73 412
74 414
75 416
76 418
77 420
78 406
79 425
80 427
81 429
82 431
83 433
84 419
85 436
86 440
87 444
88 446
89 426
90 450
91 428
92 453
93 456
94 430
95 458
96 461
97 463
98 439
99 443
100 470
101 449
102 472
103 474
104 451
105 481
106 454
107 485
108 459
109 488
110 490
111 492
112 497
113 498
114 499
115 471
116 473
117 478
118 480
119 503
120 483
121 506
122 509
123 486
124 511
125 487
126 512
127 513
128 514
129 516
130 504
131 507
132 519
133 521
134 523
135 525
136 527
137 530
138 533
139 536
140 538
141 540
142 543
143 524
144 545
145 548
146 551
147 554
148 529
149 557
150 532
151 560
152 563
153 566
154 539
155 541
156 572
157 546
158 574
159 576
160 578
161 580
162 583
163 559
164 562
165 591
166 593
167 595
168 590
169 592
170 601
171 604
172 607
173 610
174 614
175 617
176 620
177 624
178 628
179 631
180 633
181 636
182 640
183 642
184 644
185 647
186 650
187 653
188 657
189 659
190 661
191 663
192 665
193 668
194 670
195 672
196 674
197 667
198 676
199 680
200 685
201 688
202 671
203 691
204 673
205 694
206 677
207 698
208 702
209 704
210 707
211 710
212 692
213 693
214 695
215 696
216 717
217 720
218 722
219 724
220 727
221 729
222 714
223 715
224 716
225 718
226 735
227 739
228 740
229 741
230 742
231 731
232 732
234 977
235 978
236 979
238 981
239 982
241 984
242 985
244 987
245 988
248 991
249 992
251 994
253 996
257 1000
258 1001
260 1003
261 1004
262 1005
263 1006
265 1008
267 1010
268 1011
269 1012
270 1013
271 1014
273 1016
274 1017
275 1018
280 1023
283 1026
285 1028
286 1029
289 1032
290 1033
291 1034
294 1037
295 1038
297 1040
298 1041
299 1042
300 1043
301 1044
303 1046
304 1047
306 1049
307 1050
309 1052
311 1054
313 1056
315 1058
316 1059
319 1062
320 1063
321 1064
324 1067
325 1068
326 1069
327 1070
328 1071
331 1074
332 1075
334 1077
335 1078
338 1081
339 1082
341 1084
342 1085
344 1087
345 1088
348 1091
350 1093
351 1094
353 1096
355 1098
356 1099
358 1101
359 1102
361 1104
363 1106
364 1107
367 1110
368 1111
369 1112
370 1113
373 1116
374 1117
376 1119
378 1121
380 1123
382 1125
383 1126
385 1128
387 1130
389 1132
390 1133
394 1137
395 1138
396 1139
398 1141
400 1143
402 1145
404 1147
408 1151
410 1153
411 1154
413 1156
415 1158
417 1160
421 1164
422 1165
423 1166
424 1167
432 1175
434 1177
435 1178
437 1180
438 1181
441 1184
442 1185
445 1188
447 1190
448 1191
452 1195
455 1198
457 1200
460 1203
462 1205
464 1207
465 1208
466 1209
467 1210
468 1211
469 1212
475 1218
476 1219
477 1220
479 1222
482 1225
484 1227
489 1232
491 1234
493 1236
494 1237
495 1238
496 1239
500 1243
501 1244
502 1245
505 1248
508 1251
510 1253
515 1258
517 1260
518 1261
520 1263
522 1265
526 1269
528 1271
531 1274
534 1277
535 1278
537 1280
542 1285
544 1287
547 1290
549 1292
550 1293
552 1295
553 1296
555 1298
556 1299
558 1301
561 1304
564 1307
565 1308
567 1310
568 1311
569 1312
570 1313
571 1314
573 1316
575 1318
577 1320
579 1322
581 1324
582 1325
584 1327
585 1328
586 1329
587 1330
588 1331
589 1332
594 1337
596 1339
597 1340
598 1341
599 1342
600 1343
602 1345
603 1346
605 1348
606 1349
608 1351
609 1352
611 1354
612 1355
613 1356
615 1358
616 1359
618 1361
619 1362
621 1364
622 1365
623 1366
625 1368
626 1369
627 1370
629 1372
630 1373
632 1375
634 1377
635 1378
637 1380
638 1381
639 1382
641 1384
643 1386
645 1388
646 1389
648 1391
649 1392
651 1394
652 1395
654 1397
655 1398
656 1399
658 1401
660 1403
662 1405
664 1407
666 1409
669 1412
675 1418
678 1421
679 1422
681 1424
682 1425
683 1426
684 1427
686 1429
687 1430
689 1432
690 1433
697 1440
699 1442
700 1443
701 1444
703 1446
705 1448
706 1449
708 1451
709 1452
711 1454
712 1455
713 1456
719 1462
721 1464
723 1466
725 1468
726 1469
728 1471
730 1473
733 1476
734 1477
736 1479
737 1480
738 1481
743 976
744 980
745 983
746 986
747 990
748 993
749 995
750 997
751 999
752 1002
753 1007
754 1009
755 1015
756 989
757 1019
758 1022
759 998
760 1024
761 1027
762 1030
763 1020
764 1021
765 1036
766 1039
767 1025
768 1045
769 1031
770 1035
771 1051
772 1053
773 1055
774 1048
775 1057
776 1061
777 1066
778 1060
779 1073
780 1065
781 1079
782 1080
783 1083
784 1086
785 1089
786 1072
787 1076
788 1095
789 1097
790 1100
791 1103
792 1105
793 1108
794 1109
795 1090
796 1092
797 1118
798 1120
799 1122
800 1124
801 1127
802 1129
803 1131
804 1134
805 1114
806 1135
807 1115
808 1140
809 1142
810 1144
811 1146
812 1148
813 1136
814 1150
815 1152
816 1155
817 1157
818 1159
819 1161
820 1163
821 1149
822 1168
823 1170
824 1172
825 1174
826 1176
827 1162
828 1179
829 1183
830 1187
831 1189
832 1169
833 1193
834 1171
835 1196
836 1199
837 1173
838 1201
839 1204
840 1206
841 1182
842 1186
843 1213
844 1192
845 1215
846 1217
847 1194
848 1224
849 1197
850 1228
851 1202
852 1231
853 1233
854 1235
855 1240
856 1241
857 1242
858 1214
859 1216
860 1221
861 1223
862 1246
863 1226
864 1249
865 1252
866 1229
867 1254
868 1230
869 1255
870 1256
871 1257
872 1259
873 1247
874 1250
875 1262
876 1264
877 1266
878 1268
879 1270
880 1273
881 1276
882 1279
883 1281
884 1283
885 1286
886 1267
887 1288
888 1291
889 1294
890 1297
891 1272
892 1300
893 1275
894 1303
895 1306
896 1309
897 1282
898 1284
899 1315
900 1289
901 1317
902 1319
903 1321
904 1323
905 1326
906 1302
907 1305
908 1334
909 1336
910 1338
911 1333
912 1335
913 1344
914 1347
915 1350
916 1353
917 1357
918 1360
919 1363
920 1367
921 1371
922 1374
923 1376
924 1379
925 1383
926 1385
927 1387
928 1390
929 1393
930 1396
931 1400
932 1402
933 1404
934 1406
935 1408
936 1411
937 1413
938 1415
939 1417
940 1410
941 1419
942 1423
943 1428
944 1431
945 1414
946 1434
947 1416
948 1437
949 1420
950 1441
951 1445
952 1447
953 1450
954 1453
955 1435
956 1436
957 1438
958 1439
959 1460
960 1463
961 1465
962 1467
963 1470
964 1472
965 1457
966 1458
967 1459
968 1461
969 1478
970 1482
971 1483
972 1484
973 1485
974 1474
975 1475
