996 498
0 144
1 145
2 149
3 153
4 157
5 161
6 147
7 151
8 155
9 159
10 163
11 165
12 185
13 169
14 171
15 173
16 175
17 177
18 198
19 187
20 189
21 191
22 193
23 209
24 212
25 200
26 202
27 204
28 206
29 224
30 226
31 214
32 216
33 218
34 221
35 238
36 240
37 243
38 228
39 247
40 230
41 235
42 254
43 256
44 258
45 249
46 232
47 265
48 268
49 270
50 272
51 275
52 260
53 251
54 282
55 284
56 286
57 288
58 277
59 262
60 279
61 298
62 300
63 302
64 304
65 307
66 292
67 310
68 313
69 315
70 317
71 319
72 321
73 323
74 328
75 329
76 333
77 295
78 345
79 347
80 349
81 351
82 353
83 354
84 359
85 361
86 331
87 335
88 339
89 370
90 342
91 375
92 380
93 378
94 384
95 386
96 388
97 389
98 356
99 362
100 364
101 366
102 368
103 371
104 373
105 376
106 408
107 382
108 411
109 413
110 415
111 390
112 417
113 392
114 420
115 426
116 425
117 406
118 432
119 428
120 430
121 440
122 444
123 448
124 452
125 456
126 460
127 464
128 434
129 437
130 442
131 446
132 450
133 454
134 458
135 462
136 466
137 468
138 487
139 470
140 482
141 494
142 492
143 641
146 644
148 646
150 648
152 650
154 652
156 654
158 656
160 658
162 660
164 662
166 664
167 665
168 666
170 668
172 670
174 672
176 674
178 676
179 677
180 678
181 679
182 680
183 681
184 682
186 684
188 686
190 688
192 690
194 692
195 693
196 694
197 695
199 697
201 699
203 701
205 703
207 705
208 706
210 708
211 709
213 711
215 713
217 715
219 717
220 718
222 720
223 721
225 723
227 725
229 727
231 729
233 731
234 732
236 734
237 735
239 737
241 739
242 740
244 742
245 743
246 744
248 746
250 748
252 750
253 751
255 753
257 755
259 757
261 759
263 761
264 762
266 764
267 765
269 767
271 769
273 771
274 772
276 774
278 776
280 778
281 779
283 781
285 783
287 785
289 787
290 788
291 789
293 791
294 792
296 794
297 795
299 797
301 799
303 801
305 803
306 804
308 806
309 807
311 809
312 810
314 812
316 814
318 816
320 818
322 820
324 822
325 823
326 824
327 825
330 828
332 830
334 832
336 834
337 835
338 836
340 838
341 839
343 841
344 842
346 844
348 846
350 848
352 850
355 853
357 855
358 856
360 858
363 861
365 863
367 865
369 867
372 870
374 872
377 875
379 877
381 879
383 881
385 883
387 885
391 889
393 891
394 892
395 893
396 894
397 895
398 896
399 897
400 898
401 899
402 900
403 901
404 902
405 903
407 905
409 907
410 908
412 910
414 912
416 914
418 916
419 917
421 919
422 920
423 921
424 922
427 925
429 927
431 929
433 931
435 933
436 934
438 936
439 937
441 939
443 941
445 943
447 945
449 947
451 949
453 951
455 953
457 955
459 957
461 959
463 961
465 963
467 965
469 967
471 969
472 970
473 971
474 972
475 973
476 974
477 975
478 976
479 977
480 978
481 979
483 981
484 982
485 983
486 984
488 986
489 987
490 988
491 989
493 991
495 993
496 994
497 995
498 642
499 643
500 647
501 651
502 655
503 659
504 645
505 649
506 653
507 657
508 661
509 663
510 683
511 667
512 669
513 671
514 673
515 675
516 696
517 685
518 687
519 689
520 691
521 707
522 710
523 698
524 700
525 702
526 704
527 722
528 724
529 712
530 714
531 716
532 719
533 736
534 738
535 741
536 726
537 728
538 730
539 733
540 752
541 754
542 756
543 745
544 747
545 749
546 766
547 768
548 770
549 773
550 758
551 760
552 780
553 782
554 784
555 786
556 775
557 777
558 763
559 796
560 798
561 800
562 802
563 805
564 790
565 793
566 811
567 813
568 815
569 817
570 819
571 821
572 826
573 827
574 831
575 808
576 843
577 845
578 847
579 849
580 851
581 852
582 857
583 859
584 829
585 833
586 837
587 868
588 840
589 873
590 878
591 876
592 882
593 884
594 886
595 887
596 854
597 860
598 862
599 864
600 866
601 869
602 871
603 874
604 906
605 880
606 909
607 911
608 913
609 888
610 915
611 890
612 918
613 923
614 904
615 928
616 924
617 926
618 935
619 938
620 942
621 946
622 950
623 954
624 958
625 930
626 932
627 966
628 940
629 944
630 948
631 952
632 956
633 960
634 962
635 964
636 985
637 968
638 980
639 992
640 990
