1022 511
0 164
1 166
2 168
3 170
4 172
5 174
6 176
7 178
8 180
9 182
10 184
11 186
12 188
13 190
14 192
15 194
16 196
17 198
18 200
19 202
20 204
21 205
22 212
23 217
24 219
25 221
26 223
27 225
28 207
29 215
30 231
31 233
32 235
33 237
34 239
35 241
36 210
37 229
38 250
39 252
40 254
41 256
42 258
43 260
44 262
45 264
46 267
47 271
48 275
49 279
50 227
51 285
52 288
53 248
54 292
55 294
56 296
57 298
58 300
59 265
60 269
61 273
62 277
63 281
64 283
65 246
66 310
67 312
68 290
69 314
70 315
71 316
72 317
73 308
74 286
75 323
76 319
77 327
78 329
79 331
80 334
81 337
82 341
83 340
84 346
85 325
86 321
87 353
88 332
89 335
90 338
91 361
92 343
93 347
94 366
95 351
96 369
97 372
98 355
99 357
100 359
101 382
102 344
103 363
104 349
105 370
106 376
107 378
108 380
109 397
110 384
111 389
112 391
113 393
114 407
115 395
116 411
117 401
118 416
119 403
120 405
121 423
122 409
123 412
124 414
125 417
126 419
127 435
128 421
129 426
130 428
131 431
132 445
133 433
134 450
135 437
136 439
137 441
138 443
139 446
140 448
141 464
142 453
143 455
144 466
145 468
146 470
147 473
148 479
149 475
150 477
151 480
152 486
153 482
154 495
155 487
156 491
157 493
158 497
159 499
160 504
161 506
162 509
163 674
165 676
167 678
169 680
171 682
173 684
175 686
177 688
179 690
181 692
183 694
185 696
187 698
189 700
191 702
193 704
195 706
197 708
199 710
201 712
203 714
206 717
208 719
209 720
211 722
213 724
214 725
216 727
218 729
220 731
222 733
224 735
226 737
228 739
230 741
232 743
234 745
236 747
238 749
240 751
242 753
243 754
244 755
245 756
247 758
249 760
251 762
253 764
255 766
257 768
259 770
261 772
263 774
266 777
268 779
270 781
272 783
274 785
276 787
278 789
280 791
282 793
284 795
287 798
289 800
291 802
293 804
295 806
297 808
299 810
301 812
302 813
303 814
304 815
305 816
306 817
307 818
309 820
311 822
313 824
318 829
320 831
322 833
324 835
326 837
328 839
330 841
333 844
336 847
339 850
342 853
345 856
348 859
350 861
352 863
354 865
356 867
358 869
360 871
362 873
364 875
365 876
367 878
368 879
371 882
373 884
374 885
375 886
377 888
379 890
381 892
383 894
385 896
386 897
387 898
388 899
390 901
392 903
394 905
396 907
398 909
399 910
400 911
402 913
404 915
406 917
408 919
410 921
413 924
415 926
418 929
420 931
422 933
424 935
425 936
427 938
429 940
430 941
432 943
434 945
436 947
438 949
440 951
442 953
444 955
447 958
449 960
451 962
452 963
454 965
456 967
457 968
458 969
459 970
460 971
461 972
462 973
463 974
465 976
467 978
469 980
471 982
472 983
474 985
476 987
478 989
481 992
483 994
484 995
485 996
488 999
489 1000
490 1001
492 1003
494 1005
496 1007
498 1009
500 1011
501 1012
502 1013
503 1014
505 1016
507 1018
508 1019
510 1021
511 675
512 677
513 679
514 681
515 683
516 685
517 687
518 689
519 691
520 693
521 695
522 697
523 699
524 701
525 703
526 705
527 707
528 709
529 711
530 713
531 715
532 716
533 723
534 728
535 730
536 732
537 734
538 736
539 718
540 726
541 742
542 744
543 746
544 748
545 750
546 752
547 721
548 740
549 761
550 763
551 765
552 767
553 769
554 771
555 773
556 775
557 778
558 782
559 786
560 790
561 738
562 796
563 799
564 759
565 803
566 805
567 807
568 809
569 811
570 776
571 780
572 784
573 788
574 792
575 794
576 757
577 821
578 823
579 801
580 825
581 826
582 827
583 828
584 819
585 797
586 834
587 830
588 838
589 840
590 842
591 845
592 848
593 852
594 851
595 854
596 860
597 832
598 864
599 843
600 846
601 849
602 872
603 855
604 857
605 836
606 862
607 880
608 883
609 866
610 868
611 870
612 893
613 874
614 858
615 877
616 881
617 887
618 889
619 891
620 908
621 895
622 900
623 902
624 904
625 918
626 906
627 922
628 912
629 927
630 914
631 916
632 934
633 920
634 923
635 925
636 928
637 930
638 946
639 932
640 937
641 939
642 942
643 956
644 944
645 961
646 948
647 950
648 952
649 954
650 957
651 959
652 975
653 964
654 966
655 977
656 979
657 981
658 984
659 990
660 986
661 988
662 991
663 997
664 993
665 1006
666 998
667 1002
668 1004
669 1008
670 1010
671 1015
672 1017
673 1020
