614 307
0 87
1 91
2 96
3 100
4 102
5 105
6 110
7 112
8 115
9 108
10 114
11 123
12 120
13 126
14 116
15 122
16 131
17 134
18 137
19 139
20 141
21 146
22 147
23 138
24 154
25 159
26 160
27 168
28 148
29 149
30 178
31 151
32 152
33 157
34 155
35 162
36 186
37 189
38 183
39 191
40 179
41 196
42 199
43 202
44 192
45 187
46 194
47 195
48 213
49 217
50 219
51 221
52 223
53 200
54 203
55 205
56 207
57 209
58 212
59 214
60 239
61 244
62 230
63 232
64 237
65 249
66 258
67 235
68 264
69 266
70 270
71 272
72 273
73 277
74 268
75 269
76 262
77 288
78 271
79 285
80 283
81 300
82 305
83 390
84 391
85 392
86 393
88 395
89 396
90 397
92 399
93 400
94 401
95 402
97 404
98 405
99 406
101 408
103 410
104 411
106 413
107 414
109 416
111 418
113 420
117 424
118 425
119 426
121 428
124 431
125 432
127 434
128 435
129 436
130 437
132 439
133 440
135 442
136 443
140 447
142 449
143 450
144 451
145 452
150 457
153 460
156 463
158 465
161 468
163 470
164 471
165 472
166 473
167 474
169 476
170 477
171 478
172 479
173 480
174 481
175 482
176 483
177 484
180 487
181 488
182 489
184 491
185 492
188 495
190 497
193 500
197 504
198 505
201 508
204 511
206 513
208 515
210 517
211 518
215 522
216 523
218 525
220 527
222 529
224 531
225 532
226 533
227 534
228 535
229 536
231 538
233 540
234 541
236 543
238 545
240 547
241 548
242 549
243 550
245 552
246 553
247 554
248 555
250 557
251 558
252 559
253 560
254 561
255 562
256 563
257 564
259 566
260 567
261 568
263 570
265 572
267 574
274 581
275 582
276 583
278 585
279 586
280 587
281 588
282 589
284 591
286 593
287 594
289 596
290 597
291 598
292 599
293 600
294 601
295 602
296 603
297 604
298 605
299 606
301 608
302 609
303 610
304 611
306 613
307 394
308 398
309 403
310 407
311 409
312 412
313 417
314 419
315 422
316 415
317 421
318 430
319 427
320 433
321 423
322 429
323 438
324 441
325 444
326 446
327 448
328 453
329 454
330 445
331 462
332 466
333 467
334 475
335 455
336 456
337 485
338 458
339 459
340 461
341 464
342 469
343 493
344 486
345 490
346 498
347 496
348 502
349 506
350 509
351 499
352 494
353 503
354 519
355 520
356 524
357 526
358 528
359 530
360 507
361 510
362 512
363 539
364 501
365 516
366 521
367 546
368 551
369 537
370 514
371 544
372 556
373 565
374 542
375 571
376 573
377 577
378 579
379 569
380 584
381 575
382 576
383 592
384 595
385 578
386 580
387 590
388 607
389 612
