736 368
0 133
1 134
2 138
3 141
4 144
5 145
6 149
7 153
8 135
9 157
10 140
11 161
12 148
13 165
14 160
15 169
16 171
17 173
18 175
19 177
20 179
21 181
22 176
23 178
24 187
25 190
26 192
27 195
28 199
29 203
30 188
31 208
32 194
33 210
34 198
35 205
36 213
37 217
38 214
39 220
40 221
41 223
42 219
43 229
44 228
45 236
46 237
47 239
48 232
49 244
50 246
51 238
52 240
53 250
54 253
55 257
56 247
57 248
58 249
59 261
60 264
61 266
62 258
63 259
64 260
65 262
66 263
67 273
68 275
69 277
70 281
71 265
72 286
73 289
74 269
75 270
76 271
77 272
78 274
79 276
80 278
81 280
82 298
83 301
84 303
85 306
86 290
87 291
88 292
89 293
90 295
91 296
92 297
93 299
94 317
95 319
96 321
97 322
98 325
99 310
100 311
101 312
102 329
103 313
104 315
105 334
106 336
107 320
108 323
109 341
110 328
111 330
112 331
113 332
114 346
115 333
116 349
117 352
118 354
119 340
120 356
121 358
122 342
123 363
124 343
125 344
126 345
127 347
128 348
129 350
130 364
131 365
132 367
136 504
137 505
139 507
142 510
143 511
146 514
147 515
150 518
151 519
152 520
154 522
155 523
156 524
158 526
159 527
162 530
163 531
164 532
166 534
167 535
168 536
170 538
172 540
174 542
180 548
182 550
183 551
184 552
185 553
186 554
189 557
191 559
193 561
196 564
197 565
200 568
201 569
202 570
204 572
206 574
207 575
209 577
211 579
212 580
215 583
216 584
218 586
222 590
224 592
225 593
226 594
227 595
230 598
231 599
233 601
234 602
235 603
241 609
242 610
243 611
245 613
251 619
252 620
254 622
255 623
256 624
267 635
268 636
279 647
282 650
283 651
284 652
285 653
287 655
288 656
294 662
300 668
302 670
304 672
305 673
307 675
308 676
309 677
314 682
316 684
318 686
324 692
326 694
327 695
335 703
337 705
338 706
339 707
351 719
353 721
355 723
357 725
359 727
360 728
361 729
362 730
366 734
368 501
369 502
370 506
371 509
372 512
373 513
374 517
375 521
376 503
377 525
378 508
379 529
380 516
381 533
382 528
383 537
384 539
385 541
386 543
387 545
388 547
389 549
390 544
391 546
392 555
393 558
394 560
395 563
396 567
397 571
398 556
399 576
400 562
401 578
402 566
403 573
404 581
405 585
406 582
407 588
408 589
409 591
410 587
411 597
412 596
413 604
414 605
415 607
416 600
417 612
418 614
419 606
420 608
421 618
422 621
423 625
424 615
425 616
426 617
427 629
428 632
429 634
430 626
431 627
432 628
433 630
434 631
435 641
436 643
437 645
438 649
439 633
440 654
441 657
442 637
443 638
444 639
445 640
446 642
447 644
448 646
449 648
450 666
451 669
452 671
453 674
454 658
455 659
456 660
457 661
458 663
459 664
460 665
461 667
462 685
463 687
464 689
465 690
466 693
467 678
468 679
469 680
470 697
471 681
472 683
473 702
474 704
475 688
476 691
477 709
478 696
479 698
480 699
481 700
482 714
483 701
484 717
485 720
486 722
487 708
488 724
489 726
490 710
491 731
492 711
493 712
494 713
495 715
496 716
497 718
498 732
499 733
500 735
