396 198
0 54
1 58
2 56
3 61
4 60
5 66
6 70
7 74
8 77
9 80
10 84
11 88
12 92
13 96
14 102
15 100
16 106
17 109
18 113
19 112
20 114
21 118
22 121
23 125
24 128
25 129
26 104
27 81
28 110
29 144
30 145
31 140
32 149
33 147
34 155
35 151
36 160
37 164
38 163
39 170
40 156
41 158
42 176
43 178
44 169
45 171
46 173
47 161
48 192
49 196
50 248
51 249
52 250
53 251
55 253
57 255
59 257
62 260
63 261
64 262
65 263
67 265
68 266
69 267
71 269
72 270
73 271
75 273
76 274
78 276
79 277
82 280
83 281
85 283
86 284
87 285
89 287
90 288
91 289
93 291
94 292
95 293
97 295
98 296
99 297
101 299
103 301
105 303
107 305
108 306
111 309
115 313
116 314
117 315
119 317
120 318
122 320
123 321
124 322
126 324
127 325
130 328
131 329
132 330
133 331
134 332
135 333
136 334
137 335
138 336
139 337
141 339
142 340
143 341
146 344
148 346
150 348
152 350
153 351
154 352
157 355
159 357
162 360
165 363
166 364
167 365
168 366
172 370
174 372
175 373
177 375
179 377
180 378
181 379
182 380
183 381
184 382
185 383
186 384
187 385
188 386
189 387
190 388
191 389
193 391
194 392
195 393
197 395
198 252
199 256
200 254
201 259
202 258
203 264
204 268
205 272
206 275
207 278
208 282
209 286
210 290
211 294
212 300
213 298
214 304
215 307
216 311
217 310
218 312
219 316
220 319
221 323
222 326
223 327
224 302
225 279
226 308
227 342
228 343
229 338
230 347
231 345
232 353
233 349
234 358
235 362
236 361
237 369
238 371
239 356
240 374
241 376
242 367
243 368
244 354
245 359
246 390
247 394
