82612
164 473
496 506
300 489
143 831
459 725
43 465
121 912
240 435
12 434
62 222
319 586
521 915
177 692
579 900
61 390
351 443
286 785
104 393
126 688
191 851
723 839
799 895
547 957
101 522
625 651
229 554
267 599
519 707
68 93
192 908
42 806
665 846
102 195
245 901
583 888
694 860
49 508
84 724
225 330
59 534
69 175
89 299
228 938
19 311
54 335
185 916
246 322
499 500
464 640
428 885
95 700
82 951
289 747
321 764
233 925
588 934
556 787
681 924
977 978
570 601
668 782
208 805
100 196
424 654
353 354
891 892
206 488
783 789
405 963
204 602
315 722
362 402
194 278
770 841
729 944
733 918
501 502
131 132
454 595
561 914
242 775
333 931
403 538
406 964
216 671
4 843
512 825
528 666
531 742
498 593
574 708
511 575
163 202
517 952
432 762
118 836
111 167
600 743
147 568
571 984
137 714
190 826
45 869
451 979
57 791
78 921
170 608
14 907
212 678
231 266
162 210
272 470
293 558
357 358
352 398
183 848
280 340
373 384
18 564
88 490
313 329
520 647
597 816
282 445
2 249
510 669
525 855
446 793
44 526
180 832
254 628
265 530
122 536
487 780
737 753
804 821
416 923
165 771
16 369
304 858
107 397
515 956
226 941
66 439
142 880
338 662
247 845
572 607
123 889
271 383
3 108
98 125
256 971
430 950
683 992
371 372
374 879
187 234
115 252
92 277
376 898
632 734
29 544
128 820
483 484
590 672
447 689
26 999
148 314
471 823
94 421
784 876
39 948
350 381
67 236
74 991
178 223
21 748
774 847
945 946
379 505
744 883
641 755
159 349
227 919
81 716
704 873
1 958
65 926
345 346
155 717
947 968
201 768
461 685
58 709
960 969
752 809
563 617
442 540
63 387
735 989
160 476
560 786
629 693
674 763
859 906
394 486
141 740
543 866
767 819
64 939
456 940
217 555
109 268
297 426
415 497
116 903
172 309
307 756
37 618
51 422
87 157
582 995
75 965
291 594
822 893
961 962
283 427
466 772
420 813
22 584
138 399
773 796
587 913
276 953
36 996
38 425
650 865
518 942
203 218
161 703
929 930
596 656
423 981
513 800
251 537
46 760
776 911
288 495
546 1000
448 902
386 577
215 769
469 702
179 273
221 922
258 616
224 838
562 935
337 404
124 713
154 606
97 795
91 598
305 676
701 985
453 715
610 642
238 433
284 621
491 695
158 524
188 274
341 920
788 937
777 910
135 136
105 802
112 474
663 814
199 235
343 455
181 959
467 468
731 850
382 649
395 631
25 492
23 99
320 356
778 928
73 643
324 585
285 529
710 749
635 657
391 479
8 198
478 712
50 370
745 761
35 244
292 550
90 684
414 539
943 955
71 168
444 878
691 719
250 655
117 620
255 589
150 342
429 644
377 646
318 475
380 664
260 834
699 972
686 801
411 412
754 828
186 480
388 549
326 736
652 927
114 974
264 553
232 759
237 807
605 630
450 552
721 844
134 275
812 824
533 765
10 877
481 648
407 726
653 954
189 757
182 727
40 559
303 659
220 982
106 660
569 732
96 670
334 619
361 401
80 751
53 720
396 766
803 933
9 263
151 936
176 325
60 967
83 623
103 507
344 827
129 310
581 741
317 413
367 842
110 932
239 516
527 976
120 332
31 867
504 781
184 661
323 503
32 592
409 808
24 410
279 565
633 677
144 436
152 863
145 482
997 998
797 887
438 634
113 214
28 56
792 798
365 366
269 624
542 835
209 241
578 872
174 739
171 355
881 882
339 645
567 986
347 687
281 990
79 331
615 817
636 871
682 849
368 580
627 639
378 861
746 875
11 874
679 680
290 336
705 970
328 894
173 452
34 312
857 975
696 750
55 614
854 966
17 862
637 638
551 864
13 130
449 458
85 219
86 840
419 790
886 993
545 856
658 728
375 389
70 853
457 711
140 613
706 987
431 811
509 994
72 514
718 829
360 441
758 897
30 988
6 690
400 697
48 166
301 302
253 896
7 884
139 541
27 385
392 548
33 77
230 576
197 205
47 494
200 207
193 243
295 298
127 440
417 612
287 949
316 364
146 917
870 983
20 261
604 833
149 779
363 818
348 523
418 794
535 626
119 306
852 980
259 905
213 257
133 462
408 815
156 477
270 609
611 738
76 591
5 675
359 810
211 308
485 730
294 698
153 909
262 899
41 673
573 667
904 973
327 437
169 837
15 460
296 890
493 603
472 532
622 830
52 463
248 868
557 566
